<?xml version="1.0" encoding="UTF-8"?>
<testsuite xmlns:xsi="http://www.w3.org/2001/XMLSchema-instance" xsi:noNamespaceSchemaLocation="https://maven.apache.org/surefire/maven-surefire-plugin/xsd/surefire-test-report-3.0.xsd" version="3.0" name="TestSuite" time="137.944" tests="8" errors="0" skipped="0" failures="1">
  <properties>
[...]
</properties>
  <testcase name="runScenario[&quot;Verify that user is successfully registred&quot;, &quot;Optional[User registration]&quot;](1)" classname="com.RunnerTestFramework.Runner" time="33.977">
    <failure message="expected [true] but found [false]" type="java.lang.AssertionError"><![CDATA[java.lang.AssertionError: expected [true] but found [false]
	at org.testng.Assert.fail(Assert.java:97)
	at org.testng.Assert.failNotEquals(Assert.java:969)
	at org.testng.Assert.assertTrue(Assert.java:43)
	at org.testng.Assert.assertTrue(Assert.java:53)
	at com.openCart_TestFrameworkSteps.OPC001_registerUserSteps.verify_that_is_visible(OPC001_registerUserSteps.java:105)
	at ✽.Verify that "Your account has been created" is visible(file:///C:/Users/moham/eclipse-workspace/openCart_TestFramework/src/test/resources/Features/opc001_resgisterUser.feature:17)
]]></failure>
    <system-out><![CDATA[Expected condition failed: waiting for visibility of Proxy element for: DefaultElementLocator 'By.xpath: //h1[contains(text(),'Your Account Has Been Created!')]' (tried for 10 second(s) with 500 milliseconds interval)
[INFO ] 2023-07-03 11:27:51.247 [main] Hook - scenario failed
]]></system-out>
    <system-err><![CDATA[SLF4J: No SLF4J providers were found.
SLF4J: Defaulting to no-operation (NOP) logger implementation
SLF4J: See https://www.slf4j.org/codes.html#noProviders for further details.
1688376439178	geckodriver	INFO	Listening on 127.0.0.1:64124
1688376439565	mozrunner::runner	INFO	Running command: "C:\\Program Files\\Mozilla Firefox\\firefox.exe" "--marionette" "--remote-debugging-port" "51237" "--remote-allow-hosts" "localhost" "-no-remote" "-profile" "C:\\Users\\moham\\AppData\\Local\\Temp\\rust_mozprofilegEnhHB"
console.warn: services.settings: Ignoring preference override of remote settings server
console.warn: services.settings: Allow by setting MOZ_REMOTE_SETTINGS_DEVTOOLS=1 in the environment
1688376439937	Marionette	INFO	Marionette enabled
Dynamically enable window occlusion 0
1688376439942	Marionette	INFO	Listening on port 56247
Read port: 56247
WebDriver BiDi listening on ws://127.0.0.1:51237
1688376440059	RemoteAgent	WARN	TLS certificate errors will be ignored for this session
DevTools listening on ws://127.0.0.1:51237/devtools/browser/34edf8e6-116c-4bdf-8596-646ec42ea12d
juil. 03, 2023 11:27:21 AM org.openqa.selenium.remote.ProtocolHandshake createSession
INFO: Detected dialect: W3C
console.warn: LoginRecipes: "Falling back to a synchronous message for: https://naveenautomationlabs.com."
console.warn: LoginRecipes: "Falling back to a synchronous message for: https://naveenautomationlabs.com."
]]></system-err>
  </testcase>
  <testcase name="runScenario[&quot;Verify that a warning message is generated when user try to register with an existing email&quot;, &quot;Optional[User registration]&quot;](2)" classname="com.RunnerTestFramework.Runner" time="16.981">
    <system-err><![CDATA[Starting ChromeDriver 114.0.5735.90 (386bc09e8f4f2e025eddae123f36f6263096ae49-refs/branch-heads/5735@{#1052}) on port 56549
Only local connections are allowed.
Please see https://chromedriver.chromium.org/security-considerations for suggestions on keeping ChromeDriver safe.
ChromeDriver was started successfully.
juil. 03, 2023 11:27:52 AM org.openqa.selenium.remote.ProtocolHandshake createSession
INFO: Detected dialect: W3C
juil. 03, 2023 11:27:52 AM org.openqa.selenium.devtools.CdpVersionFinder findNearestMatch
WARNING: Unable to find an exact match for CDP version 114, so returning the closest version found: a no-op implementation
juil. 03, 2023 11:27:52 AM org.openqa.selenium.devtools.CdpVersionFinder findNearestMatch
INFO: Unable to find CDP implementation matching 114.
juil. 03, 2023 11:27:52 AM org.openqa.selenium.chromium.ChromiumDriver lambda$new$3
WARNING: Unable to find version of CDP to use for . You may need to include a dependency on a specific version of the CDP using something similar to `org.seleniumhq.selenium:selenium-devtools-v86:4.0.0` where the version ("v86") matches the version of the chromium-based browser you're using and the version number of the artifact is the same as Selenium's.
]]></system-err>
  </testcase>
  <testcase name="runScenario[&quot;Verify registration with invalid email&quot;, &quot;Optional[User registration]&quot;](3)" classname="com.RunnerTestFramework.Runner" time="7.394">
    <system-err><![CDATA[Starting ChromeDriver 114.0.5735.90 (386bc09e8f4f2e025eddae123f36f6263096ae49-refs/branch-heads/5735@{#1052}) on port 54210
Only local connections are allowed.
Please see https://chromedriver.chromium.org/security-considerations for suggestions on keeping ChromeDriver safe.
ChromeDriver was started successfully.
juil. 03, 2023 11:28:09 AM org.openqa.selenium.remote.ProtocolHandshake createSession
INFO: Detected dialect: W3C
juil. 03, 2023 11:28:09 AM org.openqa.selenium.devtools.CdpVersionFinder findNearestMatch
WARNING: Unable to find an exact match for CDP version 114, so returning the closest version found: a no-op implementation
juil. 03, 2023 11:28:09 AM org.openqa.selenium.devtools.CdpVersionFinder findNearestMatch
INFO: Unable to find CDP implementation matching 114.
juil. 03, 2023 11:28:09 AM org.openqa.selenium.chromium.ChromiumDriver lambda$new$3
WARNING: Unable to find version of CDP to use for . You may need to include a dependency on a specific version of the CDP using something similar to `org.seleniumhq.selenium:selenium-devtools-v86:4.0.0` where the version ("v86") matches the version of the chromium-based browser you're using and the version number of the artifact is the same as Selenium's.
]]></system-err>
  </testcase>
  <testcase name="runScenario[&quot;Verify registration with incorrect confirm password&quot;, &quot;Optional[User registration]&quot;](4)" classname="com.RunnerTestFramework.Runner" time="10.097">
    <system-err><![CDATA[1688376495986	geckodriver	INFO	Listening on 127.0.0.1:61203
1688376496025	mozrunner::runner	INFO	Running command: "C:\\Program Files\\Mozilla Firefox\\firefox.exe" "--marionette" "--remote-debugging-port" "59422" "--remote-allow-hosts" "localhost" "-no-remote" "-profile" "C:\\Users\\moham\\AppData\\Local\\Temp\\rust_mozprofileE8vAN5"
console.warn: services.settings: Ignoring preference override of remote settings server
console.warn: services.settings: Allow by setting MOZ_REMOTE_SETTINGS_DEVTOOLS=1 in the environment
1688376496468	Marionette	INFO	Marionette enabled
Dynamically enable window occlusion 0
1688376496473	Marionette	INFO	Listening on port 56484
Read port: 56484
WebDriver BiDi listening on ws://127.0.0.1:59422
1688376496629	RemoteAgent	WARN	TLS certificate errors will be ignored for this session
DevTools listening on ws://127.0.0.1:59422/devtools/browser/4cd221ff-be34-48f0-9ecf-8059cd287361
juil. 03, 2023 11:28:18 AM org.openqa.selenium.remote.ProtocolHandshake createSession
INFO: Detected dialect: W3C
console.warn: LoginRecipes: "Falling back to a synchronous message for: https://naveenautomationlabs.com."
console.warn: LoginRecipes: "Falling back to a synchronous message for: https://naveenautomationlabs.com."
]]></system-err>
  </testcase>
  <testcase name="runScenario[&quot;Verify registration without checking privacy policy checkboox&quot;, &quot;Optional[User registration]&quot;](5)" classname="com.RunnerTestFramework.Runner" time="17.225">
    <system-err><![CDATA[1688376506057	geckodriver	INFO	Listening on 127.0.0.1:62906
1688376506103	mozrunner::runner	INFO	Running command: "C:\\Program Files\\Mozilla Firefox\\firefox.exe" "--marionette" "--remote-debugging-port" "61969" "--remote-allow-hosts" "localhost" "-no-remote" "-profile" "C:\\Users\\moham\\AppData\\Local\\Temp\\rust_mozprofileIx8nws"
console.warn: services.settings: Ignoring preference override of remote settings server
console.warn: services.settings: Allow by setting MOZ_REMOTE_SETTINGS_DEVTOOLS=1 in the environment
1688376506523	Marionette	INFO	Marionette enabled
Dynamically enable window occlusion 0
1688376506527	Marionette	INFO	Listening on port 56547
Read port: 56547
WebDriver BiDi listening on ws://127.0.0.1:61969
1688376506663	RemoteAgent	WARN	TLS certificate errors will be ignored for this session
DevTools listening on ws://127.0.0.1:61969/devtools/browser/be7517dc-62f2-42c3-808c-ecb677f7edce
juil. 03, 2023 11:28:28 AM org.openqa.selenium.remote.ProtocolHandshake createSession
INFO: Detected dialect: W3C
console.warn: LoginRecipes: "Falling back to a synchronous message for: https://naveenautomationlabs.com."
console.warn: LoginRecipes: "Falling back to a synchronous message for: https://naveenautomationlabs.com."
]]></system-err>
  </testcase>
  <testcase name="runScenario[&quot;Login user with valid credential&quot;, &quot;Optional[User login]&quot;](6)" classname="com.RunnerTestFramework.Runner" time="11.629">
    <system-err><![CDATA[1688376523268	geckodriver	INFO	Listening on 127.0.0.1:52505
1688376523298	mozrunner::runner	INFO	Running command: "C:\\Program Files\\Mozilla Firefox\\firefox.exe" "--marionette" "--remote-debugging-port" "62110" "--remote-allow-hosts" "localhost" "-no-remote" "-profile" "C:\\Users\\moham\\AppData\\Local\\Temp\\rust_mozprofileOCM465"
console.warn: services.settings: Ignoring preference override of remote settings server
console.warn: services.settings: Allow by setting MOZ_REMOTE_SETTINGS_DEVTOOLS=1 in the environment
1688376523682	Marionette	INFO	Marionette enabled
Dynamically enable window occlusion 0
1688376523687	Marionette	INFO	Listening on port 56628
Read port: 56628
WebDriver BiDi listening on ws://127.0.0.1:62110
1688376523810	RemoteAgent	WARN	TLS certificate errors will be ignored for this session
DevTools listening on ws://127.0.0.1:62110/devtools/browser/f55b4cd5-f187-476d-9329-c4158348d232
juil. 03, 2023 11:28:45 AM org.openqa.selenium.remote.ProtocolHandshake createSession
INFO: Detected dialect: W3C
console.warn: LoginRecipes: "Falling back to a synchronous message for: https://naveenautomationlabs.com."
console.warn: LoginRecipes: "Falling back to a synchronous message for: https://naveenautomationlabs.com."
]]></system-err>
  </testcase>
  <testcase name="runScenario[&quot;Login with invalid credentials&quot;, &quot;Optional[User login]&quot;](7)" classname="com.RunnerTestFramework.Runner" time="9.838">
    <system-err><![CDATA[1688376534890	geckodriver	INFO	Listening on 127.0.0.1:57496
1688376534912	mozrunner::runner	INFO	Running command: "C:\\Program Files\\Mozilla Firefox\\firefox.exe" "--marionette" "--remote-debugging-port" "49936" "--remote-allow-hosts" "localhost" "-no-remote" "-profile" "C:\\Users\\moham\\AppData\\Local\\Temp\\rust_mozprofileaasQXz"
console.warn: services.settings: Ignoring preference override of remote settings server
console.warn: services.settings: Allow by setting MOZ_REMOTE_SETTINGS_DEVTOOLS=1 in the environment
1688376535290	Marionette	INFO	Marionette enabled
Dynamically enable window occlusion 0
1688376535296	Marionette	INFO	Listening on port 56707
Read port: 56707
WebDriver BiDi listening on ws://127.0.0.1:49936
1688376535436	RemoteAgent	WARN	TLS certificate errors will be ignored for this session
DevTools listening on ws://127.0.0.1:49936/devtools/browser/f8163e3c-55a8-48c0-aee2-134cb7c8bf2f
juil. 03, 2023 11:28:57 AM org.openqa.selenium.remote.ProtocolHandshake createSession
INFO: Detected dialect: W3C
console.warn: LoginRecipes: "Falling back to a synchronous message for: https://naveenautomationlabs.com."
console.warn: LoginRecipes: "Falling back to a synchronous message for: https://naveenautomationlabs.com."
]]></system-err>
  </testcase>
  <testcase name="runScenario[&quot;Login when user forgot his password&quot;, &quot;Optional[User login]&quot;](8)" classname="com.RunnerTestFramework.Runner" time="29.792">
    <system-err><![CDATA[Starting ChromeDriver 114.0.5735.90 (386bc09e8f4f2e025eddae123f36f6263096ae49-refs/branch-heads/5735@{#1052}) on port 52453
Only local connections are allowed.
Please see https://chromedriver.chromium.org/security-considerations for suggestions on keeping ChromeDriver safe.
ChromeDriver was started successfully.
juil. 03, 2023 11:29:05 AM org.openqa.selenium.remote.ProtocolHandshake createSession
INFO: Detected dialect: W3C
juil. 03, 2023 11:29:05 AM org.openqa.selenium.devtools.CdpVersionFinder findNearestMatch
WARNING: Unable to find an exact match for CDP version 114, so returning the closest version found: a no-op implementation
juil. 03, 2023 11:29:05 AM org.openqa.selenium.devtools.CdpVersionFinder findNearestMatch
INFO: Unable to find CDP implementation matching 114.
juil. 03, 2023 11:29:05 AM org.openqa.selenium.chromium.ChromiumDriver lambda$new$3
WARNING: Unable to find version of CDP to use for . You may need to include a dependency on a specific version of the CDP using something similar to `org.seleniumhq.selenium:selenium-devtools-v86:4.0.0` where the version ("v86") matches the version of the chromium-based browser you're using and the version number of the artifact is the same as Selenium's.
]]></system-err>
  </testcase>
</testsuite>