<?xml version="1.0" encoding="UTF-8"?>
<testng-results ignored="0" total="8" passed="7" failed="1" skipped="0">
  <reporter-output>
  </reporter-output>
  <suite started-at="2023-07-03T11:27:17 CEST" name="Suite" finished-at="2023-07-03T11:29:34 CEST" duration-ms="137243">
    <groups>
      <group name="cucumber">
        <method signature="AbstractTestNGCucumberTests.runScenario(io.cucumber.testng.PickleWrapper, io.cucumber.testng.FeatureWrapper)[pri:0, instance:com.RunnerTestFramework.Runner@6c0d7c83]" name="runScenario" class="io.cucumber.testng.AbstractTestNGCucumberTests"/>
      </group> <!-- cucumber -->
    </groups>
    <test started-at="2023-07-03T11:27:17 CEST" name="Test" finished-at="2023-07-03T11:29:34 CEST" duration-ms="137243">
      <class name="com.RunnerTestFramework.Runner">
        <test-method is-config="true" signature="setUpClass()[pri:0, instance:com.RunnerTestFramework.Runner@6c0d7c83]" started-at="2023-07-03T11:27:17 CEST" name="setUpClass" finished-at="2023-07-03T11:27:17 CEST" duration-ms="254" status="PASS">
          <reporter-output>
          </reporter-output>
        </test-method> <!-- setUpClass -->
        <test-method signature="runScenario(io.cucumber.testng.PickleWrapper, io.cucumber.testng.FeatureWrapper)[pri:0, instance:com.RunnerTestFramework.Runner@6c0d7c83]" started-at="2023-07-03T11:27:17 CEST" name="runScenario" description="Runs Cucumber Scenarios" data-provider="scenarios" finished-at="2023-07-03T11:27:51 CEST" duration-ms="33963" status="FAIL">
          <params>
            <param index="0">
              <value>
                <![CDATA["Verify that user is successfully registred"]]>
              </value>
            </param>
            <param index="1">
              <value>
                <![CDATA["Optional[User registration]"]]>
              </value>
            </param>
          </params>
          <exception class="java.lang.AssertionError">
            <message>
              <![CDATA[expected [true] but found [false]]]>
            </message>
            <full-stacktrace>
              <![CDATA[java.lang.AssertionError: expected [true] but found [false]
at org.testng.Assert.fail(Assert.java:97)
at org.testng.Assert.failNotEquals(Assert.java:969)
at org.testng.Assert.assertTrue(Assert.java:43)
at org.testng.Assert.assertTrue(Assert.java:53)
at com.openCart_TestFrameworkSteps.OPC001_registerUserSteps.verify_that_is_visible(OPC001_registerUserSteps.java:105)
at ✽.Verify that "Your account has been created" is visible(file:///C:/Users/moham/eclipse-workspace/openCart_TestFramework/src/test/resources/Features/opc001_resgisterUser.feature:17)
]]>
            </full-stacktrace>
          </exception> <!-- java.lang.AssertionError -->
          <reporter-output>
          </reporter-output>
        </test-method> <!-- runScenario -->
        <test-method signature="runScenario(io.cucumber.testng.PickleWrapper, io.cucumber.testng.FeatureWrapper)[pri:0, instance:com.RunnerTestFramework.Runner@6c0d7c83]" started-at="2023-07-03T11:27:51 CEST" name="runScenario" description="Runs Cucumber Scenarios" data-provider="scenarios" finished-at="2023-07-03T11:28:08 CEST" duration-ms="16982" status="PASS">
          <params>
            <param index="0">
              <value>
                <![CDATA["Verify that a warning message is generated when user try to register with an existing email"]]>
              </value>
            </param>
            <param index="1">
              <value>
                <![CDATA["Optional[User registration]"]]>
              </value>
            </param>
          </params>
          <reporter-output>
          </reporter-output>
        </test-method> <!-- runScenario -->
        <test-method signature="runScenario(io.cucumber.testng.PickleWrapper, io.cucumber.testng.FeatureWrapper)[pri:0, instance:com.RunnerTestFramework.Runner@6c0d7c83]" started-at="2023-07-03T11:28:08 CEST" name="runScenario" description="Runs Cucumber Scenarios" data-provider="scenarios" finished-at="2023-07-03T11:28:15 CEST" duration-ms="7395" status="PASS">
          <params>
            <param index="0">
              <value>
                <![CDATA["Verify registration with invalid email"]]>
              </value>
            </param>
            <param index="1">
              <value>
                <![CDATA["Optional[User registration]"]]>
              </value>
            </param>
          </params>
          <reporter-output>
          </reporter-output>
        </test-method> <!-- runScenario -->
        <test-method signature="runScenario(io.cucumber.testng.PickleWrapper, io.cucumber.testng.FeatureWrapper)[pri:0, instance:com.RunnerTestFramework.Runner@6c0d7c83]" started-at="2023-07-03T11:28:15 CEST" name="runScenario" description="Runs Cucumber Scenarios" data-provider="scenarios" finished-at="2023-07-03T11:28:25 CEST" duration-ms="10096" status="PASS">
          <params>
            <param index="0">
              <value>
                <![CDATA["Verify registration with incorrect confirm password"]]>
              </value>
            </param>
            <param index="1">
              <value>
                <![CDATA["Optional[User registration]"]]>
              </value>
            </param>
          </params>
          <reporter-output>
          </reporter-output>
        </test-method> <!-- runScenario -->
        <test-method signature="runScenario(io.cucumber.testng.PickleWrapper, io.cucumber.testng.FeatureWrapper)[pri:0, instance:com.RunnerTestFramework.Runner@6c0d7c83]" started-at="2023-07-03T11:28:25 CEST" name="runScenario" description="Runs Cucumber Scenarios" data-provider="scenarios" finished-at="2023-07-03T11:28:43 CEST" duration-ms="17225" status="PASS">
          <params>
            <param index="0">
              <value>
                <![CDATA["Verify registration without checking privacy policy checkboox"]]>
              </value>
            </param>
            <param index="1">
              <value>
                <![CDATA["Optional[User registration]"]]>
              </value>
            </param>
          </params>
          <reporter-output>
          </reporter-output>
        </test-method> <!-- runScenario -->
        <test-method signature="runScenario(io.cucumber.testng.PickleWrapper, io.cucumber.testng.FeatureWrapper)[pri:0, instance:com.RunnerTestFramework.Runner@6c0d7c83]" started-at="2023-07-03T11:28:43 CEST" name="runScenario" description="Runs Cucumber Scenarios" data-provider="scenarios" finished-at="2023-07-03T11:28:54 CEST" duration-ms="11629" status="PASS">
          <params>
            <param index="0">
              <value>
                <![CDATA["Login user with valid credential"]]>
              </value>
            </param>
            <param index="1">
              <value>
                <![CDATA["Optional[User login]"]]>
              </value>
            </param>
          </params>
          <reporter-output>
          </reporter-output>
        </test-method> <!-- runScenario -->
        <test-method signature="runScenario(io.cucumber.testng.PickleWrapper, io.cucumber.testng.FeatureWrapper)[pri:0, instance:com.RunnerTestFramework.Runner@6c0d7c83]" started-at="2023-07-03T11:28:54 CEST" name="runScenario" description="Runs Cucumber Scenarios" data-provider="scenarios" finished-at="2023-07-03T11:29:04 CEST" duration-ms="9839" status="PASS">
          <params>
            <param index="0">
              <value>
                <![CDATA["Login with invalid credentials"]]>
              </value>
            </param>
            <param index="1">
              <value>
                <![CDATA["Optional[User login]"]]>
              </value>
            </param>
          </params>
          <reporter-output>
          </reporter-output>
        </test-method> <!-- runScenario -->
        <test-method signature="runScenario(io.cucumber.testng.PickleWrapper, io.cucumber.testng.FeatureWrapper)[pri:0, instance:com.RunnerTestFramework.Runner@6c0d7c83]" started-at="2023-07-03T11:29:04 CEST" name="runScenario" description="Runs Cucumber Scenarios" data-provider="scenarios" finished-at="2023-07-03T11:29:34 CEST" duration-ms="29792" status="PASS">
          <params>
            <param index="0">
              <value>
                <![CDATA["Login when user forgot his password"]]>
              </value>
            </param>
            <param index="1">
              <value>
                <![CDATA["Optional[User login]"]]>
              </value>
            </param>
          </params>
          <reporter-output>
          </reporter-output>
        </test-method> <!-- runScenario -->
        <test-method is-config="true" signature="tearDownClass()[pri:0, instance:com.RunnerTestFramework.Runner@6c0d7c83]" started-at="2023-07-03T11:29:34 CEST" name="tearDownClass" finished-at="2023-07-03T11:29:34 CEST" duration-ms="7" status="PASS">
          <reporter-output>
          </reporter-output>
        </test-method> <!-- tearDownClass -->
      </class> <!-- com.RunnerTestFramework.Runner -->
    </test> <!-- Test -->
  </suite> <!-- Suite -->
</testng-results>
