<?xml version="1.0" encoding="UTF-8"?>
<!-- Generated by org.testng.reporters.JUnitReportReporter -->
<testsuite hostname="MohamedAli" failures="1" tests="8" name="com.RunnerTestFramework.Runner" time="136.921" errors="0" timestamp="2023-07-03T11:29:34 CEST" skipped="0">
  <testcase classname="com.RunnerTestFramework.Runner" name="runScenario" time="10.096"/>
  <system-out/>
  <testcase classname="com.RunnerTestFramework.Runner" name="runScenario" time="11.629"/>
  <system-out/>
  <testcase classname="com.RunnerTestFramework.Runner" name="runScenario" time="7.395"/>
  <system-out/>
  <testcase classname="com.RunnerTestFramework.Runner" name="runScenario" time="17.225"/>
  <system-out/>
  <testcase classname="com.RunnerTestFramework.Runner" name="runScenario" time="29.792"/>
  <system-out/>
  <testcase classname="com.RunnerTestFramework.Runner" name="runScenario" time="16.982"/>
  <system-out/>
  <testcase classname="com.RunnerTestFramework.Runner" name="runScenario" time="33.963">
    <failure message="expected [true] but found [false]" type="java.lang.AssertionError">
      <![CDATA[java.lang.AssertionError: expected [true] but found [false]
at org.testng.Assert.fail(Assert.java:97)
at org.testng.Assert.failNotEquals(Assert.java:969)
at org.testng.Assert.assertTrue(Assert.java:43)
at org.testng.Assert.assertTrue(Assert.java:53)
at com.openCart_TestFrameworkSteps.OPC001_registerUserSteps.verify_that_is_visible(OPC001_registerUserSteps.java:105)
at ✽.Verify that "Your account has been created" is visible(file:///C:/Users/moham/eclipse-workspace/openCart_TestFramework/src/test/resources/Features/opc001_resgisterUser.feature:17)
]]>
    </failure>
  </testcase> <!-- runScenario -->
  <system-out/>
  <testcase classname="com.RunnerTestFramework.Runner" name="runScenario" time="9.839"/>
  <system-out/>
</testsuite> <!-- com.RunnerTestFramework.Runner -->
